[2024-11-27 22:32:16,777] INFO in initial_data_service: User with email admin@ai.com already exists
[2024-11-27 22:32:16,822] INFO in _internal: [31m[1mWARNING: This is a development server. Do not use it in a production deployment. Use a production WSGI server instead.[0m
 * Running on http://127.0.0.1:8080
[2024-11-27 22:32:16,823] INFO in _internal: [33mPress CTRL+C to quit[0m
[2024-11-27 22:32:16,826] INFO in _internal:  * Restarting with stat
[2024-11-27 22:32:21,191] INFO in initial_data_service: User with email admin@ai.com already exists
[2024-11-27 22:32:21,231] WARNING in _internal:  * Debugger is active!
[2024-11-27 22:32:21,240] INFO in _internal:  * Debugger PIN: 338-710-762
[2024-11-27 22:33:51,183] INFO in _internal:  * Detected change in 'C:\\code\\flask-uwsgi-docker-with-user-management\\app\\config\\logger.py', reloading
[2024-11-27 22:34:06,784] INFO in initial_data_service: User with email admin@ai.com already exists
[2024-11-27 22:34:06,831] INFO in _internal: [31m[1mWARNING: This is a development server. Do not use it in a production deployment. Use a production WSGI server instead.[0m
 * Running on http://127.0.0.1:8080
[2024-11-27 22:34:06,832] INFO in _internal: [33mPress CTRL+C to quit[0m
[2024-11-27 22:34:06,835] INFO in _internal:  * Restarting with stat
[2024-11-27 22:34:08,775] INFO in initial_data_service: User with email admin@ai.com already exists
[2024-11-27 22:34:08,810] WARNING in _internal:  * Debugger is active!
[2024-11-27 22:34:08,818] INFO in _internal:  * Debugger PIN: 338-710-762
[2024-11-27 22:35:40,788] INFO in _internal:  * Detected change in 'C:\\code\\flask-uwsgi-docker-with-user-management\\app\\services\\initial_data_service.py', reloading
[2024-11-27 22:35:43,194] INFO in _internal:  * Restarting with stat
[2024-11-27 22:35:45,197] INFO in initial_data_service: User with email admin@ai.com already exists
[2024-11-27 22:35:45,234] WARNING in _internal:  * Debugger is active!
[2024-11-27 22:35:45,243] INFO in _internal:  * Debugger PIN: 338-710-762
[2024-11-27 22:36:00,366] INFO in _internal:  * Detected change in 'C:\\code\\flask-uwsgi-docker-with-user-management\\app\\services\\initial_data_service.py', reloading
[2024-11-27 22:36:03,050] INFO in _internal:  * Restarting with stat
[2024-11-27 22:36:08,242] INFO in initial_data_service: User with email admin@ai.com already exists
[2024-11-27 22:36:08,307] WARNING in _internal:  * Debugger is active!
[2024-11-27 22:36:08,316] INFO in _internal:  * Debugger PIN: 338-710-762
[2024-11-27 22:37:06,231] INFO in _internal:  * Detected change in 'C:\\code\\flask-uwsgi-docker-with-user-management\\app\\services\\user_service.py', reloading
[2024-11-27 22:37:06,880] INFO in _internal:  * Restarting with stat
[2024-11-27 22:37:08,884] INFO in initial_data_service: User with email admin@ai.com already exists
[2024-11-27 22:37:08,923] WARNING in _internal:  * Debugger is active!
[2024-11-27 22:37:08,932] INFO in _internal:  * Debugger PIN: 338-710-762
[2024-11-27 22:39:50,507] INFO in initial_data_service: User with email admin@ai.com already exists
[2024-11-27 22:39:50,552] INFO in _internal: [31m[1mWARNING: This is a development server. Do not use it in a production deployment. Use a production WSGI server instead.[0m
 * Running on http://127.0.0.1:8080
[2024-11-27 22:39:50,553] INFO in _internal: [33mPress CTRL+C to quit[0m
[2024-11-27 22:39:50,557] INFO in _internal:  * Restarting with stat
[2024-11-27 22:39:52,512] INFO in initial_data_service: User with email admin@ai.com already exists
[2024-11-27 22:39:52,555] WARNING in _internal:  * Debugger is active!
[2024-11-27 22:39:52,568] INFO in _internal:  * Debugger PIN: 338-710-762
[2024-11-27 22:40:36,566] INFO in _internal:  * Detected change in 'C:\\code\\flask-uwsgi-docker-with-user-management\\app\\app.py', reloading
[2024-11-27 22:40:39,092] INFO in _internal:  * Restarting with stat
[2024-11-27 22:40:41,136] INFO in initial_data_service: User with email admin@ai.com already exists
[2024-11-27 22:40:41,178] WARNING in _internal:  * Debugger is active!
[2024-11-27 22:40:41,188] INFO in _internal:  * Debugger PIN: 338-710-762
[2024-11-27 22:54:05,914] INFO in _internal:  * Detected change in 'C:\\code\\flask-uwsgi-docker-with-user-management\\app\\config\\config.py', reloading
[2024-11-27 22:54:08,584] INFO in _internal:  * Restarting with stat
[2024-11-27 22:59:22,087] INFO in initial_data_service: User with email admin@ai.com already exists
[2024-11-27 22:59:22,139] INFO in _internal: [31m[1mWARNING: This is a development server. Do not use it in a production deployment. Use a production WSGI server instead.[0m
 * Running on http://127.0.0.1:8080
[2024-11-27 22:59:22,140] INFO in _internal: [33mPress CTRL+C to quit[0m
[2024-11-27 22:59:22,144] INFO in _internal:  * Restarting with stat
[2024-11-27 22:59:24,392] INFO in initial_data_service: User with email admin@ai.com already exists
[2024-11-27 22:59:24,429] WARNING in _internal:  * Debugger is active!
[2024-11-27 22:59:24,437] INFO in _internal:  * Debugger PIN: 338-710-762
[2024-11-27 22:59:36,247] INFO in initial_data_service: User with email admin@ai.com already exists
[2024-11-27 22:59:36,295] INFO in _internal: [31m[1mWARNING: This is a development server. Do not use it in a production deployment. Use a production WSGI server instead.[0m
 * Running on http://127.0.0.1:8080
[2024-11-27 22:59:36,296] INFO in _internal: [33mPress CTRL+C to quit[0m
[2024-11-27 22:59:36,299] INFO in _internal:  * Restarting with stat
[2024-11-27 22:59:38,434] INFO in initial_data_service: User with email admin@ai.com already exists
[2024-11-27 22:59:38,473] WARNING in _internal:  * Debugger is active!
[2024-11-27 22:59:38,481] INFO in _internal:  * Debugger PIN: 338-710-762
[2024-11-27 22:59:45,064] INFO in _internal:  * Detected change in 'C:\\code\\flask-uwsgi-docker-with-user-management\\app\\repositories\\user_repository.py', reloading
[2024-11-27 22:59:47,481] INFO in _internal:  * Restarting with stat
[2024-11-27 22:59:49,523] INFO in initial_data_service: User with email admin@ai.com already exists
[2024-11-27 22:59:49,564] WARNING in _internal:  * Debugger is active!
[2024-11-27 22:59:49,572] INFO in _internal:  * Debugger PIN: 338-710-762
[2024-11-27 22:59:57,220] INFO in _internal:  * Detected change in 'C:\\code\\flask-uwsgi-docker-with-user-management\\app\\utils\\decorators.py', reloading
[2024-11-27 22:59:59,757] INFO in _internal:  * Restarting with stat
[2024-11-27 23:00:01,793] INFO in initial_data_service: User with email admin@ai.com already exists
[2024-11-27 23:00:01,832] WARNING in _internal:  * Debugger is active!
[2024-11-27 23:00:01,840] INFO in _internal:  * Debugger PIN: 338-710-762
[2024-11-27 23:05:29,447] INFO in initial_data_service: User with email admin@ai.com already exists
[2024-11-27 23:05:29,498] INFO in _internal: [31m[1mWARNING: This is a development server. Do not use it in a production deployment. Use a production WSGI server instead.[0m
 * Running on http://127.0.0.1:8080
[2024-11-27 23:05:29,499] INFO in _internal: [33mPress CTRL+C to quit[0m
[2024-11-27 23:05:29,502] INFO in _internal:  * Restarting with stat
[2024-11-27 23:05:31,617] INFO in initial_data_service: User with email admin@ai.com already exists
[2024-11-27 23:05:31,661] WARNING in _internal:  * Debugger is active!
[2024-11-27 23:05:31,668] INFO in _internal:  * Debugger PIN: 338-710-762
[2024-11-27 23:25:31,635] INFO in initial_data_service: User with email admin@ai.com already exists
[2024-11-27 23:49:44,421] INFO in initial_data_service: User with email admin@ai.com already exists
[2024-11-27 23:51:50,835] INFO in initial_data_service: User with email admin@ai.com already exists
[2024-11-27 23:51:57,570] INFO in initial_data_service: User with email admin@ai.com already exists
